Apr 25 22:09 : exception: Failed to open '/home/yuuta/.mpd/mpdstate': No such file or directory
Apr 25 22:09 : update: added Labios de miel/Labios de miel.mp3
Apr 25 22:09 : update: added Rise Up!/Rise Up .mp3
Apr 25 22:09 : update: added Believe again／Brightest Melody／Over The Next Rainbow/Believe again.mp3
Apr 25 22:09 : update: added Daydream/Aimer - Kataomoi.mp3
Apr 25 22:09 : update: added Garasu no Hanazono/Garasu no Hanazono.mp3
Apr 25 22:09 : update: added 未知标题/You are a ghost, I am a ghost 〜劇場のゴースト〜.mp3
Apr 25 22:09 : update: added Original Soundtrack I/01 - Sis puella magica!.mp3
Apr 25 22:09 : update: added Original Soundtrack I/04 - Credens justitiam.mp3
Apr 25 22:09 : update: added Sailor Team Hits!/02-Macross 82​-​99 - Fun Tonight.mp3
Apr 25 22:09 : update: added Sailor Team Hits!/01-Macross 82​-​99 - Sailor Team .mp3
Apr 25 22:09 : update: added Sailor Team Hits!/05-Disco Lady 『ディスコレディ』 .mp3
Apr 25 22:09 : update: added Mobile Sailor Gundam/07-雨ame.mp3
Apr 25 22:09 : update: added Mobile Sailor Gundam/05-Shōwa 59.mp3
Apr 25 22:09 : update: added Mobile Sailor Gundam/02-Tokyo Lights.mp3
Apr 25 22:09 : update: added Mobile Sailor Gundam/08-SUPER RISER!.mp3
Apr 25 22:09 : update: added Mobile Sailor Gundam/03-Shining Shining 「シャイニングシャイニング」.mp3
Apr 25 22:09 : update: added Mobile Sailor Gundam/01-Doki Doki no Disco 「ドキドキのディスコ」 .mp3
Apr 25 22:09 : update: added Es mentira/Bailarina.mp3
Apr 25 22:09 : update: added Fire Emblem Three Houses Sound Selection/02. Theme Song (Tentative Title) [Japanese].mp3
Apr 25 22:09 : update: added Fire Emblem Three Houses Sound Selection/03. Fodlan no Gyoufuu.mp3
Apr 25 22:09 : update: added Fire Emblem Three Houses Sound Selection/01. Theme Song (Tentative Title) [English].mp3
Apr 25 22:09 : update: added Awaken the power/CRASH MIND.mp3
Apr 25 22:09 : update: added Awaken the power/Awaken the power.mp3
Apr 25 22:09 : update: added 夏草が邪魔をする/n_buna.mp3
Apr 25 22:09 : update: added カタカナ・タイトル + Kanji Title (Double EP)/05-腕の中でDancin' .mp3
Apr 25 22:09 : update: added カタカナ・タイトル + Kanji Title (Double EP)/01-BABYBABYの夢.mp3
Apr 25 22:09 : update: added カタカナ・タイトル + Kanji Title (Double EP)/03-がんばれ.mp3
Apr 25 22:09 : update: added カタカナ・タイトル + Kanji Title (Double EP)/04-ファンクOFF.mp3
Apr 25 22:09 : update: added ! でれぱ音頭 ＼ドンドンカッ/AUD-20190421-WA0111.mp3
Apr 25 22:09 : update: added Mob Psycho 100 II - 99.9/01. 99.9.mp3
Apr 25 22:09 : update: added Poppin'Party Game Cover/God knows.mp3
Apr 25 22:09 : update: added BanG Dream! Girls Band Party! Cover Collection Vol.1/secret base ~kimi ga kureta mono~.mp3
Apr 25 22:09 : update: added Voices/You Make My Dreams (Remastered).mp3
Apr 25 22:09 : update: added (SNKK) REOL - No title−/02 - Hibikase.mp3
Apr 25 22:09 : update: added (SNKK) REOL - No title−/09 - Asymmetry.mp3
Apr 25 22:09 : update: added (SNKK) REOL - No title−/03 - Ooedo Ranvu.mp3
Apr 25 22:09 : update: added (SNKK) REOL - No title−/04 - Drop Pop Candy.mp3
Apr 25 22:09 : update: added (SNKK) REOL - No title−/06 - No title.mp3
Apr 25 22:09 : update: added Demon Slayer Kimetsu no Yaiba-Kamado Tanjirou no Uta/Kamado Tanjirou no Uta.mp3
Apr 25 22:09 : update: added Summer Touch/06-At Night .mp3
Apr 25 22:09 : update: added Summer Touch/03-For You (feat. Morning) .mp3
Apr 25 22:09 : update: added Sailor wave ll/︎ マクロスMACROSS 82-99_4 ocho.MP3
Apr 25 22:09 : update: added Sailor wave ll/︎ マクロスMACROSS 82-99 cinco.MP3
Apr 25 22:09 : update: added Sailor wave ll/マクロスMACROSS 82-99_2 tres.MP3
Apr 25 22:09 : update: added Sailor wave ll/︎ マクロスMACROSS 82-99_3 siete.MP3
Apr 25 22:09 : update: added Sailor wave ll/マクロスMACROSS 82-99_3 cuatro.MP3
Apr 25 22:09 : update: added Sailor wave ll/︎ マクロスMACROSS 82-99_2 seis.MP3
Apr 25 22:09 : update: added Sailor wave ll/︎ マクロスMACROSS 82-99_7 once.MP3
Apr 25 22:09 : update: added Sailor wave ll/︎ マクロスMACROSS 82-99_5 nueve.MP3
Apr 25 22:09 : update: added Sailor wave ll/︎ マクロスMACROSS 82-99_6 diez.MP3
Apr 25 22:09 : update: added Sailor wave ll/マクロスMACROSS 82-99 dos.MP3
Apr 25 22:09 : update: added Sailor wave ll/マクロスMACROSS 82-99 uno.MP3
Apr 25 22:09 : update: added Japanese Disco Edits/Selfish High Heels (feat. Harrison _ マクロスMACROSS 8.mp3
Apr 25 22:09 : update: added Ghibli Jazz/Ghibli Jazz - 07. カントリーロード (Country Road).mp3
Apr 25 22:09 : update: added Aogashima Island ! (Single)/Aogashima Island !.mp3
Apr 25 22:09 : update: added HAPPY PARTY TRAIN/SKY JOURNEY.mp3
Apr 25 22:09 : update: added Joji - Ballads 1/09 COME THRU.mp3
Apr 25 22:09 : update: added Joji - Ballads 1/12 I'LL SEE YOU IN 40.mp3
Apr 25 22:09 : update: added Joji - Ballads 1/04 WANTED U.mp3
Apr 25 22:09 : update: added Joji - Ballads 1/08 NO FUN.mp3
Apr 25 22:09 : update: added Joji - Ballads 1/01 ATTENTION 1.mp3
Apr 25 22:09 : update: added Joji - Ballads 1/02 SLOW DANCING IN THE DARK.mp3
Apr 25 22:09 : update: added Joji - Ballads 1/07 WHY AM I STILL IN LA.mp3
Apr 25 22:09 : update: added Joji - Ballads 1/10 RIP.mp3
Apr 25 22:09 : update: added Joji - Ballads 1/05 CAN'T GET OVER YOU.mp3
Apr 25 22:09 : update: added Joji - Ballads 1/06 YEAH RIGHT.mp3
Apr 25 22:09 : update: added Joji - Ballads 1/03 TEST DRIVE.mp3
Apr 25 22:09 : update: added Joji - Ballads 1/11 XNXX.mp3
Apr 25 22:09 : update: added Labyrinth - EP/MONDO GROSSO  ラビリンス.mp3
Apr 25 22:09 : update: added Safari/Buenos días.mp3
Apr 25 22:26 : exception: Failed to play on "pulse audio" (pulse): suspended
Apr 25 22:26 : player: played "! でれぱ音頭 ＼ドンドンカッ/AUD-20190421-WA0111.mp3"
Apr 25 22:30 : player: played "Mobile Sailor Gundam/01-Doki Doki no Disco 「ドキドキのディスコ」 .mp3"
Apr 25 22:41 : player: played "Joji - Ballads 1/03 TEST DRIVE.mp3"
Apr 25 22:41 : player: played "Joji - Ballads 1/03 TEST DRIVE.mp3"
Apr 25 23:10 : player: played "(SNKK) REOL - No title−/04 - Drop Pop Candy.mp3"
Jul 05 05:19 : player: played "Awaken the power/Awaken the power.mp3"
Jul 05 05:35 : player: played "Garasu no Hanazono/Garasu no Hanazono.mp3"
Jul 05 05:38 : player: played "Garasu no Hanazono/Garasu no Hanazono.mp3"
Jul 05 06:39 : player: played "Daydream/Aimer - Kataomoi.mp3"
Jul 05 09:49 : player: played "Aogashima Island ! (Single)/Aogashima Island !.mp3"
Jul 05 09:59 : player: played "Awaken the power/Awaken the power.mp3"
Jul 05 10:07 : exception: Failed to open audio output
Jul 05 10:10 : player: played "Joji - Ballads 1/01 ATTENTION 1.mp3"
Jul 05 10:17 : player: played "Joji - Ballads 1/02 SLOW DANCING IN THE DARK.mp3"
Jul 05 10:42 : player: played "Joji - Ballads 1/08 NO FUN.mp3"
Jul 05 10:54 : player: played "(SNKK) REOL - No title−/09 - Asymmetry.mp3"
Jul 05 10:59 : player: played "Joji - Ballads 1/02 SLOW DANCING IN THE DARK.mp3"
Jul 05 11:00 : player: played "Joji - Ballads 1/02 SLOW DANCING IN THE DARK.mp3"
Jul 05 11:21 : player: played "Joji - Ballads 1/02 SLOW DANCING IN THE DARK.mp3"
Jul 05 11:23 : player: played "Joji - Ballads 1/03 TEST DRIVE.mp3"
Jul 05 11:30 : player: played "Joji - Ballads 1/02 SLOW DANCING IN THE DARK.mp3"
Jul 05 11:33 : player: played "Joji - Ballads 1/03 TEST DRIVE.mp3"
Jul 05 11:43 : player: played "Joji - Ballads 1/03 TEST DRIVE.mp3"
Jul 05 11:44 : player: played "Joji - Ballads 1/04 WANTED U.mp3"
Jul 05 11:51 : player: played "Daydream/Aimer - Kataomoi.mp3"
Jul 05 11:52 : player: played "Joji - Ballads 1/01 ATTENTION 1.mp3"
Jul 05 11:53 : player: played "Aogashima Island ! (Single)/Aogashima Island !.mp3"
Jul 05 11:59 : player: played "Joji - Ballads 1/06 YEAH RIGHT.mp3"
Jul 05 12:02 : player: played "Joji - Ballads 1/01 ATTENTION 1.mp3"
Jul 05 12:13 : player: played "Joji - Ballads 1/02 SLOW DANCING IN THE DARK.mp3"
Jul 05 12:17 : player: played "Joji - Ballads 1/05 CAN'T GET OVER YOU.mp3"
Jul 05 12:20 : player: played "Joji - Ballads 1/06 YEAH RIGHT.mp3"
Jul 05 12:23 : player: played "Joji - Ballads 1/07 WHY AM I STILL IN LA.mp3"
Jul 05 12:29 : player: played "Ghibli Jazz/Ghibli Jazz - 07. カントリーロード (Country Road).mp3"
Jul 05 12:36 : player: played "Joji - Ballads 1/01 ATTENTION 1.mp3"
Jul 05 12:40 : player: played "Mobile Sailor Gundam/01-Doki Doki no Disco 「ドキドキのディスコ」 .mp3"
Jul 05 12:44 : player: played "Mobile Sailor Gundam/02-Tokyo Lights.mp3"
Jul 05 12:46 : player: played "Mobile Sailor Gundam/03-Shining Shining 「シャイニングシャイニング」.mp3"
Jul 05 12:49 : player: played "Mobile Sailor Gundam/05-Shōwa 59.mp3"
Jul 05 12:51 : player: played "Mobile Sailor Gundam/07-雨ame.mp3"
Jul 05 12:56 : player: played "Mobile Sailor Gundam/05-Shōwa 59.mp3"
Jul 05 13:04 : player: played "Mobile Sailor Gundam/07-雨ame.mp3"
Jul 05 13:07 : player: played "Mobile Sailor Gundam/08-SUPER RISER!.mp3"
Jul 05 13:08 : player: played "Mobile Sailor Gundam/02-Tokyo Lights.mp3"
Jul 05 16:44 : player: played "カタカナ・タイトル + Kanji Title (Double EP)/01-BABYBABYの夢.mp3"
Jul 05 16:50 : player: played "Joji - Ballads 1/02 SLOW DANCING IN THE DARK.mp3"
Jul 05 16:53 : player: played "(SNKK) REOL - No title−/03 - Ooedo Ranvu.mp3"
Jul 05 16:55 : player: played "Daydream/Aimer - Kataomoi.mp3"
Jul 05 18:58 : player: played "Garasu no Hanazono/Garasu no Hanazono.mp3"
Jul 05 19:02 : player: played "Demon Slayer Kimetsu no Yaiba-Kamado Tanjirou no Uta/Kamado Tanjirou no Uta.mp3"
Jul 06 11:22 : player: played "Daydream/Aimer - Kataomoi.mp3"
Jul 06 13:54 : player: played "(SNKK) REOL - No title−/03 - Ooedo Ranvu.mp3"
Jul 06 16:26 : player: played "(SNKK) REOL - No title−/06 - No title.mp3"
Jul 06 16:31 : player: played "(SNKK) REOL - No title−/09 - Asymmetry.mp3"
Jul 06 16:34 : player: played "Ghibli Jazz/Ghibli Jazz - 07. カントリーロード (Country Road).mp3"
Jul 06 16:37 : player: played "Joji - Ballads 1/01 ATTENTION 1.mp3"
Jul 06 16:40 : player: played "Joji - Ballads 1/02 SLOW DANCING IN THE DARK.mp3"
Jul 06 16:43 : player: played "Joji - Ballads 1/03 TEST DRIVE.mp3"
Jul 06 16:47 : player: played "Joji - Ballads 1/04 WANTED U.mp3"
Jul 06 16:49 : player: played "Joji - Ballads 1/05 CAN'T GET OVER YOU.mp3"
Jul 06 16:52 : player: played "Joji - Ballads 1/06 YEAH RIGHT.mp3"
Jul 06 16:53 : player: played "Joji - Ballads 1/07 WHY AM I STILL IN LA.mp3"
Jul 06 17:15 : player: played "Joji - Ballads 1/06 YEAH RIGHT.mp3"
Jul 06 18:06 : player: played "Joji - Ballads 1/07 WHY AM I STILL IN LA.mp3"
Jul 06 18:07 : player: played "Joji - Ballads 1/02 SLOW DANCING IN THE DARK.mp3"
Jul 06 18:11 : player: played "Joji - Ballads 1/03 TEST DRIVE.mp3"
Jul 06 18:15 : player: played "Joji - Ballads 1/03 TEST DRIVE.mp3"
Jul 06 18:19 : player: played "Joji - Ballads 1/04 WANTED U.mp3"
Jul 06 18:35 : player: played "Joji - Ballads 1/05 CAN'T GET OVER YOU.mp3"
Jul 06 19:32 : player: played "Joji - Ballads 1/05 CAN'T GET OVER YOU.mp3"
Jul 06 19:32 : player: played "Joji - Ballads 1/06 YEAH RIGHT.mp3"
Jul 10 15:55 : player: played "Joji - Ballads 1/05 CAN'T GET OVER YOU.mp3"
Aug 02 20:17 : player: played "Joji - Ballads 1/04 WANTED U.mp3"
Aug 02 20:19 : player: played "Joji - Ballads 1/05 CAN'T GET OVER YOU.mp3"
Aug 02 20:21 : player: played "Joji - Ballads 1/06 YEAH RIGHT.mp3"
Aug 02 21:07 : player: played "Joji - Ballads 1/07 WHY AM I STILL IN LA.mp3"
Aug 02 21:10 : player: played "Joji - Ballads 1/08 NO FUN.mp3"
Aug 02 21:13 : player: played "Joji - Ballads 1/09 COME THRU.mp3"
Aug 02 21:15 : player: played "Joji - Ballads 1/10 RIP.mp3"
Aug 02 21:18 : player: played "Joji - Ballads 1/11 XNXX.mp3"
Aug 02 21:22 : player: played "Joji - Ballads 1/12 I'LL SEE YOU IN 40.mp3"
Aug 02 21:24 : player: played "Joji - Ballads 1/01 ATTENTION 1.mp3"
Aug 02 21:27 : player: played "Joji - Ballads 1/02 SLOW DANCING IN THE DARK.mp3"
Aug 02 21:29 : player: played "Joji - Ballads 1/03 TEST DRIVE.mp3"
Aug 11 22:55 : exception: Failed to decode /home/yuuta/Música/Joji - Ballads 1/03 TEST DRIVE.mp3; Failed to open '/home/yuuta/Música/Joji - Ballads 1/03 TEST DRIVE.mp3': No such file or directory
Aug 11 22:55 : player: played "Joji - Ballads 1/03 TEST DRIVE.mp3"
Aug 11 22:55 : avahi: Service 'Music Player @ magi' successfully established.
Aug 11 23:02 : avahi: Service 'Music Player @ magi' successfully established.
Aug 11 23:09 : avahi: Service 'Music Player @ magi' successfully established.
Aug 12 00:06 : avahi: Service 'Music Player @ magi' successfully established.
Aug 12 00:20 : avahi: Service 'Music Player @ magi' successfully established.
Aug 12 00:25 : player: played "Joji - Ballads 1/01 ATTENTION 1.mp3"
Aug 12 00:38 : avahi: Service 'Music Player @ magi' successfully established.
Aug 12 00:39 : avahi: Service 'Music Player @ magi' successfully established.
Aug 12 00:39 : avahi: Service 'Music Player @ magi' successfully established.
Aug 12 00:58 : avahi: Service 'Music Player @ magi' successfully established.
Aug 12 00:58 : avahi: Service 'Music Player @ magi' successfully established.
Aug 12 00:58 : avahi: Service 'Music Player @ magi' successfully established.
Aug 12 04:05 : player: played "Joji - Ballads 1/01 ATTENTION 1.mp3"
Aug 12 04:49 : avahi: Service 'Music Player @ magi' successfully established.
Aug 12 04:49 : avahi: Service 'Music Player @ magi' successfully established.
Aug 12 04:49 : avahi: Service 'Music Player @ magi' successfully established.
Aug 12 04:59 : player: played "Ghibli Jazz/Ghibli Jazz - 07. カントリーロード (Country Road).mp3"
Aug 12 05:07 : avahi: Service 'Music Player @ magi' successfully established.
Aug 12 05:07 : avahi: Service 'Music Player @ magi' successfully established.
Aug 12 09:55 : avahi: Service 'Music Player @ magi' successfully established.
Aug 12 09:56 : avahi: Service 'Music Player @ magi' successfully established.
Aug 12 10:19 : player: played "Joji - Ballads 1/01 ATTENTION 1.mp3"
Aug 12 10:23 : player: played "Daydream/Aimer - Kataomoi.mp3"
Aug 12 10:27 : player: played "Ghibli Jazz/Ghibli Jazz - 07. カントリーロード (Country Road).mp3"
Aug 12 10:27 : player: played "HAPPY PARTY TRAIN/SKY JOURNEY.mp3"
Aug 12 10:36 : avahi: Service 'Music Player @ magi' successfully established.
Aug 12 10:40 : avahi: Service 'Music Player @ magi' successfully established.
Aug 12 10:42 : avahi: Service 'Music Player @ magi' successfully established.
Aug 12 10:42 : avahi: Service 'Music Player @ magi' successfully established.
Aug 12 11:29 : avahi: Service 'Music Player @ magi' successfully established.
Aug 12 12:38 : avahi: Service 'Music Player @ magi' successfully established.
Aug 12 21:46 : avahi: Service 'Music Player @ magi' successfully established.
Aug 13 01:31 : avahi: Service 'Music Player @ magi' successfully established.
Aug 13 01:31 : avahi: Service 'Music Player @ magi' successfully established.
Aug 13 01:32 : avahi: Service 'Music Player @ magi' successfully established.
Aug 13 01:49 : avahi: Service 'Music Player @ magi' successfully established.
Aug 14 16:22 : avahi: Service 'Music Player @ magi' successfully established.
Aug 14 16:22 : avahi: Service 'Music Player @ magi' successfully established.
Aug 14 16:23 : avahi: Service 'Music Player @ magi' successfully established.
Aug 14 16:23 : avahi: Service 'Music Player @ magi' successfully established.
Aug 14 16:23 : avahi: Service 'Music Player @ magi' successfully established.
Aug 14 16:23 : avahi: Service 'Music Player @ magi' successfully established.
Aug 15 19:39 : avahi: Service 'Music Player @ magi' successfully established.
Aug 16 02:05 : avahi: Service 'Music Player @ magi' successfully established.
Aug 16 02:05 : avahi: Service 'Music Player @ magi' successfully established.
Aug 20 09:38 : avahi: Service 'Music Player @ magi' successfully established.
Aug 20 16:13 : avahi: Service 'Music Player @ magi' successfully established.
Aug 20 16:52 : player: played "Garasu no Hanazono/Garasu no Hanazono.mp3"
Aug 20 18:09 : player: played "Demon Slayer Kimetsu no Yaiba-Kamado Tanjirou no Uta/Kamado Tanjirou no Uta.mp3"
Aug 20 18:14 : player: played "Joji - Ballads 1/01 ATTENTION 1.mp3"
Aug 20 22:30 : avahi: Service 'Music Player @ magi' successfully established.
Aug 20 22:31 : player: played "Joji - Ballads 1/01 ATTENTION 1.mp3"
Aug 20 22:31 : player: played "Sailor Team Hits!/05-Disco Lady 『ディスコレディ』 .mp3"
Aug 20 22:46 : avahi: Service 'Music Player @ magi' successfully established.
Aug 20 22:46 : avahi: Service 'Music Player @ magi' successfully established.
Aug 20 22:47 : avahi: Service 'Music Player @ magi' successfully established.
Aug 20 22:49 : avahi: Service 'Music Player @ magi' successfully established.
Aug 20 22:50 : player: played "Demon Slayer Kimetsu no Yaiba-Kamado Tanjirou no Uta/Kamado Tanjirou no Uta.mp3"
Aug 20 22:54 : avahi: Service 'Music Player @ magi' successfully established.
Aug 20 22:54 : avahi: Service 'Music Player @ magi' successfully established.
Aug 20 22:54 : avahi: Service 'Music Player @ magi' successfully established.
Aug 20 23:02 : avahi: Service 'Music Player @ magi' successfully established.
Aug 20 23:02 : avahi: Service 'Music Player @ magi' successfully established.
Aug 20 23:24 : avahi: Service 'Music Player @ magi' successfully established.
Aug 20 23:26 : avahi: Service 'Music Player @ magi' successfully established.
Aug 20 23:27 : avahi: Service 'Music Player @ magi' successfully established.
Aug 20 23:27 : avahi: Service 'Music Player @ magi' successfully established.
Aug 20 23:29 : avahi: Service 'Music Player @ magi' successfully established.
Aug 20 23:33 : avahi: Service 'Music Player @ magi' successfully established.
Aug 20 23:33 : avahi: Service 'Music Player @ magi' successfully established.
Aug 20 23:33 : avahi: Service 'Music Player @ magi' successfully established.
Aug 20 23:33 : avahi: Service 'Music Player @ magi' successfully established.
Aug 20 23:35 : avahi: Service 'Music Player @ magi' successfully established.
Aug 20 23:40 : avahi: Service 'Music Player @ magi' successfully established.
Aug 20 23:50 : avahi: Service 'Music Player @ magi' successfully established.
Aug 20 23:50 : avahi: Service 'Music Player @ magi' successfully established.
Aug 20 23:50 : avahi: Service 'Music Player @ magi' successfully established.
Aug 20 23:51 : avahi: Service 'Music Player @ magi' successfully established.
Aug 20 23:51 : avahi: Service 'Music Player @ magi' successfully established.
Aug 20 23:51 : avahi: Service 'Music Player @ magi' successfully established.
Aug 21 00:05 : avahi: Service 'Music Player @ magi' successfully established.
Aug 21 00:11 : player: played "Demon Slayer Kimetsu no Yaiba-Kamado Tanjirou no Uta/Kamado Tanjirou no Uta.mp3"
Aug 21 01:04 : avahi: Service 'Music Player @ magi' successfully established.
Aug 21 01:36 : avahi: Service 'Music Player @ magi' successfully established.
Aug 21 01:37 : avahi: Service 'Music Player @ magi' successfully established.
Aug 21 01:55 : avahi: Service 'Music Player @ magi' successfully established.
Aug 21 01:55 : avahi: Service 'Music Player @ magi' successfully established.
Aug 21 01:56 : avahi: Service 'Music Player @ magi' successfully established.
Aug 21 01:56 : avahi: Service 'Music Player @ magi' successfully established.
Aug 21 01:56 : avahi: Service 'Music Player @ magi' successfully established.
Aug 21 02:34 : avahi: Service 'Music Player @ magi' successfully established.
Aug 21 05:14 : avahi: Service 'Music Player @ magi' successfully established.
Aug 21 05:35 : player: played "Demon Slayer Kimetsu no Yaiba-Kamado Tanjirou no Uta/Kamado Tanjirou no Uta.mp3"
Aug 21 07:21 : avahi: Service 'Music Player @ magi' successfully established.
Aug 21 07:27 : avahi: Service 'Music Player @ magi' successfully established.
Aug 21 07:28 : avahi: Service 'Music Player @ magi' successfully established.
Aug 21 07:29 : avahi: Service 'Music Player @ magi' successfully established.
Aug 21 07:29 : avahi: Service 'Music Player @ magi' successfully established.
Aug 21 07:29 : avahi: Service 'Music Player @ magi' successfully established.
Aug 21 07:37 : avahi: Service 'Music Player @ magi' successfully established.
Aug 21 07:40 : avahi: Service 'Music Player @ magi' successfully established.
Aug 21 07:58 : avahi: Service 'Music Player @ magi' successfully established.
Aug 21 08:09 : avahi: Service 'Music Player @ magi' successfully established.
Aug 21 11:28 : avahi: Service 'Music Player @ magi' successfully established.
Aug 21 11:29 : avahi: Service 'Music Player @ magi' successfully established.
Aug 21 11:29 : avahi: Service 'Music Player @ magi' successfully established.
Aug 21 11:29 : avahi: Service 'Music Player @ magi' successfully established.
Aug 21 11:29 : avahi: Service 'Music Player @ magi' successfully established.
Aug 21 12:29 : avahi: Service 'Music Player @ magi' successfully established.
Aug 21 12:29 : avahi: Service 'Music Player @ magi' successfully established.
Aug 21 13:16 : avahi: Service 'Music Player @ magi' successfully established.
Aug 21 13:49 : avahi: Service 'Music Player @ magi' successfully established.
Aug 21 13:49 : avahi: Service 'Music Player @ magi' successfully established.
Aug 21 13:49 : avahi: Service 'Music Player @ magi' successfully established.
Aug 21 14:02 : player: played "Joji - Ballads 1/01 ATTENTION 1.mp3"
Aug 21 14:05 : player: played "Sailor Team Hits!/05-Disco Lady 『ディスコレディ』 .mp3"
Aug 21 14:07 : player: played "カタカナ・タイトル + Kanji Title (Double EP)/01-BABYBABYの夢.mp3"
Aug 21 14:11 : player: played "カタカナ・タイトル + Kanji Title (Double EP)/03-がんばれ.mp3"
Aug 21 14:13 : player: played "カタカナ・タイトル + Kanji Title (Double EP)/04-ファンクOFF.mp3"
Aug 21 16:03 : player: played "Mobile Sailor Gundam/07-雨ame.mp3"
Aug 21 16:04 : avahi: Service 'Music Player @ magi' successfully established.
Aug 21 16:54 : player: played "Mobile Sailor Gundam/07-雨ame.mp3"
Aug 21 16:56 : avahi: Service 'Music Player @ magi' successfully established.
Aug 21 17:03 : avahi: Service 'Music Player @ magi' successfully established.
Aug 21 17:04 : avahi: Service 'Music Player @ magi' successfully established.
Aug 21 17:04 : avahi: Service 'Music Player @ magi' successfully established.
Aug 21 17:04 : avahi: Service 'Music Player @ magi' successfully established.
Aug 21 17:04 : avahi: Service 'Music Player @ magi' successfully established.
Aug 21 17:04 : avahi: Service 'Music Player @ magi' successfully established.
Aug 21 17:05 : avahi: Service 'Music Player @ magi' successfully established.
Aug 21 17:05 : avahi: Service 'Music Player @ magi' successfully established.
Aug 21 17:05 : avahi: Service 'Music Player @ magi' successfully established.
Aug 21 17:05 : avahi: Service 'Music Player @ magi' successfully established.
Aug 21 17:52 : player: played "Mobile Sailor Gundam/07-雨ame.mp3"
Aug 22 00:49 : avahi: Service 'Music Player @ magi' successfully established.
Aug 22 00:58 : player: played "Mobile Sailor Gundam/07-雨ame.mp3"
Aug 22 10:48 : avahi: Service 'Music Player @ magi' successfully established.
Aug 22 13:03 : player: played "Mobile Sailor Gundam/07-雨ame.mp3"
Aug 22 14:43 : avahi: Service 'Music Player @ magi' successfully established.
Aug 22 14:43 : avahi: Service 'Music Player @ magi' successfully established.
Aug 22 14:44 : player: played "Mobile Sailor Gundam/07-雨ame.mp3"
Aug 23 12:31 : avahi: Service 'Music Player @ magi' successfully established.
Aug 23 14:30 : avahi: Service 'Music Player @ magi' successfully established.
Aug 23 14:30 : avahi: Service 'Music Player @ magi' successfully established.
Aug 23 14:31 : avahi: Service 'Music Player @ magi' successfully established.
Aug 23 14:31 : avahi: Service 'Music Player @ magi' successfully established.
Aug 23 16:11 : player: played "Mobile Sailor Gundam/07-雨ame.mp3"
Aug 23 16:18 : avahi: Service 'Music Player @ magi' successfully established.
Aug 23 23:31 : player: played "Mobile Sailor Gundam/07-雨ame.mp3"
Aug 24 07:59 : avahi: Service 'Music Player @ magi' successfully established.
Aug 27 15:45 : player: played "Mobile Sailor Gundam/07-雨ame.mp3"
Aug 27 15:47 : avahi: Service 'Music Player @ magi' successfully established.
Aug 27 15:48 : avahi: Service 'Music Player @ magi' successfully established.
Aug 27 15:48 : avahi: Service 'Music Player @ magi' successfully established.
Aug 30 21:01 : player: played "Mobile Sailor Gundam/07-雨ame.mp3"
Aug 30 21:02 : avahi: Service 'Music Player @ magi' successfully established.
Aug 30 21:03 : avahi: Service 'Music Player @ magi' successfully established.
Aug 30 21:03 : avahi: Service 'Music Player @ magi' successfully established.
Aug 30 21:04 : avahi: Service 'Music Player @ magi' successfully established.
Aug 30 21:04 : avahi: Service 'Music Player @ magi' successfully established.
Aug 31 22:03 : avahi: Service 'Music Player @ magi' successfully established.
Aug 31 22:03 : avahi: Service 'Music Player @ magi' successfully established.
Aug 31 22:03 : avahi: Service 'Music Player @ magi' successfully established.
Sep 08 00:05 : avahi: Service 'Music Player @ magi' successfully established.
Sep 08 00:06 : avahi: Service 'Music Player @ magi' successfully established.
Sep 08 00:06 : avahi: Service 'Music Player @ magi' successfully established.
Sep 08 19:06 : player: played "Mobile Sailor Gundam/07-雨ame.mp3"
Sep 08 19:47 : avahi: Service 'Music Player @ magi' successfully established.
Sep 08 19:53 : player: played "Mobile Sailor Gundam/07-雨ame.mp3"
Sep 08 19:57 : avahi: Service 'Music Player @ magi' successfully established.
Sep 08 20:23 : player: played "Mobile Sailor Gundam/07-雨ame.mp3"
Sep 08 20:28 : avahi: Service 'Music Player @ magi' successfully established.
Sep 08 20:28 : avahi: Service 'Music Player @ magi' successfully established.
Sep 08 20:28 : avahi: Service 'Music Player @ magi' successfully established.
Jan 18 22:04 : update: added Voices/You Make My Dreams (Remastered).mp3
Jan 18 22:04 : update: added Labios de miel/Labios de miel.mp3
Jan 18 22:04 : update: added Mob Psycho 100 II - 99.9/01. 99.9.mp3
Jan 18 22:04 : update: added Daydream/Aimer - Kataomoi.mp3
Jan 18 22:04 : update: added Sailor wave ll/︎ マクロスMACROSS 82-99_7 once.MP3
Jan 18 22:04 : update: added Sailor wave ll/︎ マクロスMACROSS 82-99_4 ocho.MP3
Jan 18 22:04 : update: added Sailor wave ll/マクロスMACROSS 82-99 uno.MP3
Jan 18 22:04 : update: added Sailor wave ll/マクロスMACROSS 82-99_2 tres.MP3
Jan 18 22:04 : update: added Sailor wave ll/マクロスMACROSS 82-99 dos.MP3
Jan 18 22:04 : update: added Sailor wave ll/マクロスMACROSS 82-99_3 cuatro.MP3
Jan 18 22:04 : update: added Sailor wave ll/︎ マクロスMACROSS 82-99_6 diez.MP3
Jan 18 22:04 : update: added Sailor wave ll/︎ マクロスMACROSS 82-99 cinco.MP3
Jan 18 22:04 : update: added Sailor wave ll/︎ マクロスMACROSS 82-99_5 nueve.MP3
Jan 18 22:04 : update: added Sailor wave ll/︎ マクロスMACROSS 82-99_3 siete.MP3
Jan 18 22:04 : update: added Sailor wave ll/︎ マクロスMACROSS 82-99_2 seis.MP3
Jan 18 22:04 : update: added Poppin'Party Game Cover/God knows.mp3
Jan 18 22:04 : update: added (SNKK) REOL - No title−/06 - No title.mp3
Jan 18 22:04 : update: added (SNKK) REOL - No title−/02 - Hibikase.mp3
Jan 18 22:04 : update: added (SNKK) REOL - No title−/04 - Drop Pop Candy.mp3
Jan 18 22:04 : update: added (SNKK) REOL - No title−/03 - Ooedo Ranvu.mp3
Jan 18 22:04 : update: added (SNKK) REOL - No title−/09 - Asymmetry.mp3
Jan 18 22:04 : update: added Rise Up!/Rise Up .mp3
Jan 18 22:04 : update: added HAPPY PARTY TRAIN/SKY JOURNEY.mp3
Jan 18 22:04 : update: added ! でれぱ音頭 ＼ドンドンカッ/AUD-20190421-WA0111.mp3
Jan 18 22:04 : update: added 未知标题/You are a ghost, I am a ghost 〜劇場のゴースト〜.mp3
Jan 18 22:04 : update: added Joji - Ballads 1/10 RIP.mp3
Jan 18 22:04 : update: added Joji - Ballads 1/12 I'LL SEE YOU IN 40.mp3
Jan 18 22:04 : update: added Joji - Ballads 1/01 ATTENTION 1.mp3
Jan 18 22:04 : update: added Joji - Ballads 1/08 NO FUN.mp3
Jan 18 22:04 : update: added Joji - Ballads 1/07 WHY AM I STILL IN LA.mp3
Jan 18 22:04 : update: added Joji - Ballads 1/11 XNXX.mp3
Jan 18 22:04 : update: added Joji - Ballads 1/02 SLOW DANCING IN THE DARK.mp3
Jan 18 22:04 : update: added Joji - Ballads 1/03 TEST DRIVE.mp3
Jan 18 22:04 : update: added Joji - Ballads 1/04 WANTED U.mp3
Jan 18 22:04 : update: added Joji - Ballads 1/05 CAN'T GET OVER YOU.mp3
Jan 18 22:04 : update: added Joji - Ballads 1/09 COME THRU.mp3
Jan 18 22:04 : update: added Joji - Ballads 1/06 YEAH RIGHT.mp3
Jan 18 22:04 : update: added Fire Emblem Three Houses Sound Selection/02. Theme Song (Tentative Title) [Japanese].mp3
Jan 18 22:04 : update: added Fire Emblem Three Houses Sound Selection/01. Theme Song (Tentative Title) [English].mp3
Jan 18 22:04 : update: added Fire Emblem Three Houses Sound Selection/03. Fodlan no Gyoufuu.mp3
Jan 18 22:04 : update: added Awaken the power/Awaken the power.mp3
Jan 18 22:04 : update: added Awaken the power/CRASH MIND.mp3
Jan 18 22:04 : update: added Ghibli Jazz/Ghibli Jazz - 07. カントリーロード (Country Road).mp3
Jan 18 22:04 : update: added カタカナ・タイトル + Kanji Title (Double EP)/03-がんばれ.mp3
Jan 18 22:04 : update: added カタカナ・タイトル + Kanji Title (Double EP)/05-腕の中でDancin' .mp3
Jan 18 22:04 : update: added カタカナ・タイトル + Kanji Title (Double EP)/04-ファンクOFF.mp3
Jan 18 22:04 : update: added カタカナ・タイトル + Kanji Title (Double EP)/01-BABYBABYの夢.mp3
Jan 18 22:04 : update: added BanG Dream! Girls Band Party! Cover Collection Vol.1/secret base ~kimi ga kureta mono~.mp3
Jan 18 22:04 : update: added Sailor Team Hits!/05-Disco Lady 『ディスコレディ』 .mp3
Jan 18 22:04 : update: added Sailor Team Hits!/01-Macross 82​-​99 - Sailor Team .mp3
Jan 18 22:04 : update: added Sailor Team Hits!/02-Macross 82​-​99 - Fun Tonight.mp3
Jan 18 22:04 : update: added Aogashima Island ! (Single)/Aogashima Island !.mp3
Jan 18 22:04 : update: added Summer Touch/06-At Night .mp3
Jan 18 22:04 : update: added Summer Touch/03-For You (feat. Morning) .mp3
Jan 18 22:04 : update: added Labyrinth - EP/MONDO GROSSO  ラビリンス.mp3
Jan 18 22:04 : update: added Demon Slayer Kimetsu no Yaiba-Kamado Tanjirou no Uta/Kamado Tanjirou no Uta.mp3
Jan 18 22:04 : update: added Japanese Disco Edits/Selfish High Heels (feat. Harrison _ マクロスMACROSS 8.mp3
Jan 18 22:04 : update: added Garasu no Hanazono/Garasu no Hanazono.mp3
Jan 18 22:04 : update: added 夏草が邪魔をする/n_buna.mp3
Jan 18 22:04 : update: added Safari/Buenos días.mp3
Jan 18 22:04 : update: added Mobile Sailor Gundam/03-Shining Shining 「シャイニングシャイニング」.mp3
Jan 18 22:04 : update: added Mobile Sailor Gundam/02-Tokyo Lights.mp3
Jan 18 22:04 : update: added Mobile Sailor Gundam/05-Shōwa 59.mp3
Jan 18 22:04 : update: added Mobile Sailor Gundam/01-Doki Doki no Disco 「ドキドキのディスコ」 .mp3
Jan 18 22:04 : update: added Mobile Sailor Gundam/07-雨ame.mp3
Jan 18 22:04 : update: added Mobile Sailor Gundam/08-SUPER RISER!.mp3
Jan 18 22:04 : update: added Believe again／Brightest Melody／Over The Next Rainbow/Believe again.mp3
Jan 18 22:04 : update: added Original Soundtrack I/01 - Sis puella magica!.mp3
Jan 18 22:04 : update: added Original Soundtrack I/04 - Credens justitiam.mp3
Jan 18 22:04 : update: added Es mentira/Bailarina.mp3
Jan 18 23:42 : player: played "Sailor Team Hits!/01-Macross 82​-​99 - Sailor Team .mp3"
Jan 18 23:42 : player: played "Sailor Team Hits!/01-Macross 82​-​99 - Sailor Team .mp3"
Jan 18 23:42 : player: played "Sailor Team Hits!/01-Macross 82​-​99 - Sailor Team .mp3"
Jan 19 01:02 : player: played "Sailor Team Hits!/01-Macross 82​-​99 - Sailor Team .mp3"
Jan 19 01:07 : player: played "Aogashima Island ! (Single)/Aogashima Island !.mp3"
Jan 19 01:09 : player: played "Daydream/Aimer - Kataomoi.mp3"
Jan 19 15:59 : player: played "Awaken the power/CRASH MIND.mp3"
Feb 04 06:51 : exception: Failed to decode /home/yuuta/Música/! でれぱ音頭 ＼ドンドンカッ/AUD-20190421-WA0111.mp3; Failed to open '/home/yuuta/Música/! でれぱ音頭 ＼ドンドンカッ/AUD-20190421-WA0111.mp3': No such file or directory
Feb 04 06:51 : player: played "! でれぱ音頭 ＼ドンドンカッ/AUD-20190421-WA0111.mp3"
Feb 04 06:51 : exception: Failed to decode /home/yuuta/Música/Awaken the power/Awaken the power.mp3; Failed to open '/home/yuuta/Música/Awaken the power/Awaken the power.mp3': No such file or directory
Feb 04 06:51 : player: played "Awaken the power/Awaken the power.mp3"
Feb 04 06:51 : exception: Failed to decode /home/yuuta/Música/! でれぱ音頭 ＼ドンドンカッ/AUD-20190421-WA0111.mp3; Failed to open '/home/yuuta/Música/! でれぱ音頭 ＼ドンドンカッ/AUD-20190421-WA0111.mp3': No such file or directory
Feb 04 06:51 : player: played "! でれぱ音頭 ＼ドンドンカッ/AUD-20190421-WA0111.mp3"
Feb 04 06:51 : exception: Failed to decode /home/yuuta/Música/! でれぱ音頭 ＼ドンドンカッ/AUD-20190421-WA0111.mp3; Failed to open '/home/yuuta/Música/! でれぱ音頭 ＼ドンドンカッ/AUD-20190421-WA0111.mp3': No such file or directory
Feb 04 06:51 : player: played "! でれぱ音頭 ＼ドンドンカッ/AUD-20190421-WA0111.mp3"
Feb 04 06:51 : exception: Failed to decode /home/yuuta/Música/! でれぱ音頭 ＼ドンドンカッ/AUD-20190421-WA0111.mp3; Failed to open '/home/yuuta/Música/! でれぱ音頭 ＼ドンドンカッ/AUD-20190421-WA0111.mp3': No such file or directory
Feb 04 06:51 : exception: Failed to decode /home/yuuta/Música/Awaken the power/Awaken the power.mp3; Failed to open '/home/yuuta/Música/Awaken the power/Awaken the power.mp3': No such file or directory
Feb 04 06:51 : exception: Failed to decode /home/yuuta/Música/! でれぱ音頭 ＼ドンドンカッ/AUD-20190421-WA0111.mp3; Failed to open '/home/yuuta/Música/! でれぱ音頭 ＼ドンドンカッ/AUD-20190421-WA0111.mp3': No such file or directory
Feb 04 06:51 : player: played "Awaken the power/Awaken the power.mp3"
Feb 04 06:52 : exception: Failed to decode /home/yuuta/Música/! でれぱ音頭 ＼ドンドンカッ/AUD-20190421-WA0111.mp3; Failed to open '/home/yuuta/Música/! でれぱ音頭 ＼ドンドンカッ/AUD-20190421-WA0111.mp3': No such file or directory
Feb 04 06:52 : exception: Failed to decode /home/yuuta/Música/Awaken the power/Awaken the power.mp3; Failed to open '/home/yuuta/Música/Awaken the power/Awaken the power.mp3': No such file or directory
Feb 04 06:52 : player: played "! でれぱ音頭 ＼ドンドンカッ/AUD-20190421-WA0111.mp3"
Feb 04 06:52 : exception: Failed to decode /home/yuuta/Música/Awaken the power/Awaken the power.mp3; Failed to open '/home/yuuta/Música/Awaken the power/Awaken the power.mp3': No such file or directory
Feb 04 06:52 : player: played "Awaken the power/Awaken the power.mp3"
Feb 04 06:52 : exception: Failed to decode /home/yuuta/Música/! でれぱ音頭 ＼ドンドンカッ/AUD-20190421-WA0111.mp3; Failed to open '/home/yuuta/Música/! でれぱ音頭 ＼ドンドンカッ/AUD-20190421-WA0111.mp3': No such file or directory
Feb 04 06:52 : player: played "! でれぱ音頭 ＼ドンドンカッ/AUD-20190421-WA0111.mp3"
Feb 04 06:52 : exception: Failed to decode /home/yuuta/Música/Awaken the power/Awaken the power.mp3; Failed to open '/home/yuuta/Música/Awaken the power/Awaken the power.mp3': No such file or directory
Feb 04 06:52 : player: played "Awaken the power/Awaken the power.mp3"
Feb 04 06:52 : player: played "Ghibli Jazz/Ghibli Jazz - 07. カントリーロード (Country Road).mp3"
Feb 04 07:35 : player: played "Ghibli Jazz/Ghibli Jazz - 07. カントリーロード (Country Road).mp3"
Feb 04 17:51 : exception: Failed to decode /home/yuuta/Música/! でれぱ音頭 ＼ドンドンカッ/AUD-20190421-WA0111.mp3; Failed to open '/home/yuuta/Música/! でれぱ音頭 ＼ドンドンカッ/AUD-20190421-WA0111.mp3': No such file or directory
Feb 04 17:51 : player: played "Japanese Disco Edits/Selfish High Heels (feat. Harrison _ マクロスMACROSS 8.mp3"
Feb 04 17:51 : player: played "! でれぱ音頭 ＼ドンドンカッ/AUD-20190421-WA0111.mp3"
Feb 04 17:51 : exception: Failed to decode /home/yuuta/Música/! でれぱ音頭 ＼ドンドンカッ/AUD-20190421-WA0111.mp3; Failed to open '/home/yuuta/Música/! でれぱ音頭 ＼ドンドンカッ/AUD-20190421-WA0111.mp3': No such file or directory
Feb 04 17:51 : player: played "! でれぱ音頭 ＼ドンドンカッ/AUD-20190421-WA0111.mp3"
Feb 04 17:51 : exception: Failed to decode /home/yuuta/Música/Awaken the power/Awaken the power.mp3; Failed to open '/home/yuuta/Música/Awaken the power/Awaken the power.mp3': No such file or directory
Feb 04 17:51 : player: played "Awaken the power/Awaken the power.mp3"
Feb 04 17:55 : player: played "Ghibli Jazz/Ghibli Jazz - 07. カントリーロード (Country Road).mp3"
Feb 04 17:59 : exception: Failed to decode /home/yuuta/Música/! でれぱ音頭 ＼ドンドンカッ/AUD-20190421-WA0111.mp3; Failed to open '/home/yuuta/Música/! でれぱ音頭 ＼ドンドンカッ/AUD-20190421-WA0111.mp3': No such file or directory
Feb 04 17:59 : player: played "Japanese Disco Edits/Selfish High Heels (feat. Harrison _ マクロスMACROSS 8.mp3"
Feb 04 17:59 : player: played "! でれぱ音頭 ＼ドンドンカッ/AUD-20190421-WA0111.mp3"
Feb 04 18:00 : player: played "Joji - Ballads 1/01 ATTENTION 1.mp3"
WARNING: Unhandled message: interface=org.freedesktop.DBus, path=/org/freedesktop/DBus, member=ActivatableServicesChanged
WARNING: Unhandled message: interface=org.freedesktop.DBus, path=/org/freedesktop/DBus, member=ActivatableServicesChanged
WARNING: Unhandled message: interface=org.freedesktop.DBus, path=/org/freedesktop/DBus, member=ActivatableServicesChanged
WARNING: Unhandled message: interface=org.freedesktop.DBus, path=/org/freedesktop/DBus, member=ActivatableServicesChanged
WARNING: Unhandled message: interface=org.freedesktop.DBus, path=/org/freedesktop/DBus, member=ActivatableServicesChanged
WARNING: Unhandled message: interface=org.freedesktop.DBus, path=/org/freedesktop/DBus, member=ActivatableServicesChanged
WARNING: Unhandled message: interface=org.freedesktop.DBus, path=/org/freedesktop/DBus, member=ActivatableServicesChanged
WARNING: Unhandled message: interface=org.freedesktop.DBus, path=/org/freedesktop/DBus, member=ActivatableServicesChanged
WARNING: Unhandled message: interface=org.freedesktop.DBus, path=/org/freedesktop/DBus, member=ActivatableServicesChanged
WARNING: Unhandled message: interface=org.freedesktop.DBus, path=/org/freedesktop/DBus, member=ActivatableServicesChanged
WARNING: Unhandled message: interface=org.freedesktop.DBus, path=/org/freedesktop/DBus, member=ActivatableServicesChanged
WARNING: Unhandled message: interface=org.freedesktop.DBus, path=/org/freedesktop/DBus, member=ActivatableServicesChanged
WARNING: Unhandled message: interface=org.freedesktop.DBus, path=/org/freedesktop/DBus, member=ActivatableServicesChanged
WARNING: Unhandled message: interface=org.freedesktop.DBus, path=/org/freedesktop/DBus, member=ActivatableServicesChanged
WARNING: Unhandled message: interface=org.freedesktop.DBus, path=/org/freedesktop/DBus, member=ActivatableServicesChanged
WARNING: Unhandled message: interface=org.freedesktop.DBus, path=/org/freedesktop/DBus, member=ActivatableServicesChanged
WARNING: Unhandled message: interface=org.freedesktop.DBus, path=/org/freedesktop/DBus, member=ActivatableServicesChanged
WARNING: Unhandled message: interface=org.freedesktop.DBus, path=/org/freedesktop/DBus, member=ActivatableServicesChanged
WARNING: Unhandled message: interface=org.freedesktop.DBus, path=/org/freedesktop/DBus, member=ActivatableServicesChanged
WARNING: Unhandled message: interface=org.freedesktop.DBus, path=/org/freedesktop/DBus, member=ActivatableServicesChanged
WARNING: Unhandled message: interface=org.freedesktop.DBus, path=/org/freedesktop/DBus, member=ActivatableServicesChanged
WARNING: Unhandled message: interface=org.freedesktop.DBus, path=/org/freedesktop/DBus, member=ActivatableServicesChanged
WARNING: Unhandled message: interface=org.freedesktop.DBus, path=/org/freedesktop/DBus, member=ActivatableServicesChanged
WARNING: Unhandled message: interface=org.freedesktop.DBus, path=/org/freedesktop/DBus, member=ActivatableServicesChanged
WARNING: Unhandled message: interface=org.freedesktop.DBus, path=/org/freedesktop/DBus, member=ActivatableServicesChanged
WARNING: Unhandled message: interface=org.freedesktop.DBus, path=/org/freedesktop/DBus, member=ActivatableServicesChanged
WARNING: Unhandled message: interface=org.freedesktop.DBus, path=/org/freedesktop/DBus, member=ActivatableServicesChanged
WARNING: Unhandled message: interface=org.freedesktop.DBus, path=/org/freedesktop/DBus, member=ActivatableServicesChanged
WARNING: Unhandled message: interface=org.freedesktop.DBus, path=/org/freedesktop/DBus, member=ActivatableServicesChanged
WARNING: Unhandled message: interface=org.freedesktop.DBus, path=/org/freedesktop/DBus, member=ActivatableServicesChanged
WARNING: Unhandled message: interface=org.freedesktop.DBus, path=/org/freedesktop/DBus, member=ActivatableServicesChanged
WARNING: Unhandled message: interface=org.freedesktop.DBus, path=/org/freedesktop/DBus, member=ActivatableServicesChanged
WARNING: Unhandled message: interface=org.freedesktop.DBus, path=/org/freedesktop/DBus, member=ActivatableServicesChanged
WARNING: Unhandled message: interface=org.freedesktop.DBus, path=/org/freedesktop/DBus, member=ActivatableServicesChanged
WARNING: Unhandled message: interface=org.freedesktop.DBus, path=/org/freedesktop/DBus, member=ActivatableServicesChanged
WARNING: Unhandled message: interface=org.freedesktop.DBus, path=/org/freedesktop/DBus, member=ActivatableServicesChanged
WARNING: Unhandled message: interface=org.freedesktop.DBus, path=/org/freedesktop/DBus, member=ActivatableServicesChanged
WARNING: Unhandled message: interface=org.freedesktop.DBus, path=/org/freedesktop/DBus, member=ActivatableServicesChanged
WARNING: Unhandled message: interface=org.freedesktop.DBus, path=/org/freedesktop/DBus, member=ActivatableServicesChanged
WARNING: Unhandled message: interface=org.freedesktop.DBus, path=/org/freedesktop/DBus, member=ActivatableServicesChanged
WARNING: Unhandled message: interface=org.freedesktop.DBus, path=/org/freedesktop/DBus, member=ActivatableServicesChanged
WARNING: Unhandled message: interface=org.freedesktop.DBus, path=/org/freedesktop/DBus, member=ActivatableServicesChanged
May 14 23:05 : player: played "Joji - Ballads 1/01 ATTENTION 1.mp3"
May 15 23:53 : player: played "Joji - Ballads 1/01 ATTENTION 1.mp3"
WARNING: Unhandled message: interface=org.freedesktop.DBus, path=/org/freedesktop/DBus, member=ActivatableServicesChanged
WARNING: Unhandled message: interface=org.freedesktop.DBus, path=/org/freedesktop/DBus, member=ActivatableServicesChanged
WARNING: Unhandled message: interface=org.freedesktop.DBus, path=/org/freedesktop/DBus, member=ActivatableServicesChanged
WARNING: Unhandled message: interface=org.freedesktop.DBus, path=/org/freedesktop/DBus, member=ActivatableServicesChanged
WARNING: Unhandled message: interface=org.freedesktop.DBus, path=/org/freedesktop/DBus, member=ActivatableServicesChanged
WARNING: Unhandled message: interface=org.freedesktop.DBus, path=/org/freedesktop/DBus, member=ActivatableServicesChanged
WARNING: Unhandled message: interface=org.freedesktop.DBus, path=/org/freedesktop/DBus, member=ActivatableServicesChanged
WARNING: Unhandled message: interface=org.freedesktop.DBus, path=/org/freedesktop/DBus, member=ActivatableServicesChanged
WARNING: Unhandled message: interface=org.freedesktop.DBus, path=/org/freedesktop/DBus, member=ActivatableServicesChanged
WARNING: Unhandled message: interface=org.freedesktop.DBus, path=/org/freedesktop/DBus, member=ActivatableServicesChanged
WARNING: Unhandled message: interface=org.freedesktop.DBus, path=/org/freedesktop/DBus, member=ActivatableServicesChanged
WARNING: Unhandled message: interface=org.freedesktop.DBus, path=/org/freedesktop/DBus, member=ActivatableServicesChanged
WARNING: Unhandled message: interface=org.freedesktop.DBus, path=/org/freedesktop/DBus, member=ActivatableServicesChanged
WARNING: Unhandled message: interface=org.freedesktop.DBus, path=/org/freedesktop/DBus, member=ActivatableServicesChanged
WARNING: Unhandled message: interface=org.freedesktop.DBus, path=/org/freedesktop/DBus, member=ActivatableServicesChanged
WARNING: Unhandled message: interface=org.freedesktop.DBus, path=/org/freedesktop/DBus, member=ActivatableServicesChanged
WARNING: Unhandled message: interface=org.freedesktop.DBus, path=/org/freedesktop/DBus, member=ActivatableServicesChanged
May 26 12:20 : exception: Failed to decode /home/yuuta/Música/Awaken the power/Awaken the power.mp3; Failed to open '/home/yuuta/Música/Awaken the power/Awaken the power.mp3': No such file or directory
May 26 12:20 : player: played "Awaken the power/Awaken the power.mp3"
May 26 12:20 : exception: Failed to decode /home/yuuta/Música/Awaken the power/Awaken the power.mp3; Failed to open '/home/yuuta/Música/Awaken the power/Awaken the power.mp3': No such file or directory
May 26 12:20 : exception: Failed to decode /home/yuuta/Música/! でれぱ音頭 ＼ドンドンカッ/AUD-20190421-WA0111.mp3; Failed to open '/home/yuuta/Música/! でれぱ音頭 ＼ドンドンカッ/AUD-20190421-WA0111.mp3': No such file or directory
May 26 12:20 : player: played "! でれぱ音頭 ＼ドンドンカッ/AUD-20190421-WA0111.mp3"
May 26 12:20 : exception: Failed to decode /home/yuuta/Música/! でれぱ音頭 ＼ドンドンカッ/AUD-20190421-WA0111.mp3; Failed to open '/home/yuuta/Música/! でれぱ音頭 ＼ドンドンカッ/AUD-20190421-WA0111.mp3': No such file or directory
May 26 12:20 : exception: Failed to decode /home/yuuta/Música/Awaken the power/Awaken the power.mp3; Failed to open '/home/yuuta/Música/Awaken the power/Awaken the power.mp3': No such file or directory
May 26 12:20 : player: played "Awaken the power/Awaken the power.mp3"
May 26 12:20 : player: played "Ghibli Jazz/Ghibli Jazz - 07. カントリーロード (Country Road).mp3"
WARNING: Unhandled message: interface=org.freedesktop.DBus, path=/org/freedesktop/DBus, member=ActivatableServicesChanged
WARNING: Unhandled message: interface=org.freedesktop.DBus, path=/org/freedesktop/DBus, member=ActivatableServicesChanged
WARNING: Unhandled message: interface=org.freedesktop.DBus, path=/org/freedesktop/DBus, member=ActivatableServicesChanged
May 29 07:32 : player: played "Japanese Disco Edits/Selfish High Heels (feat. Harrison _ マクロスMACROSS 8.mp3"
May 29 07:39 : player: played "Labyrinth - EP/MONDO GROSSO  ラビリンス.mp3"
May 29 07:43 : player: played "Japanese Disco Edits/Selfish High Heels (feat. Harrison _ マクロスMACROSS 8.mp3"
May 29 07:45 : player: played "Sailor Team Hits!/01-Macross 82​-​99 - Sailor Team .mp3"
May 29 07:48 : exception: Failed to decode /home/yuuta/Música/Awaken the power/Awaken the power.mp3; Failed to open '/home/yuuta/Música/Awaken the power/Awaken the power.mp3': No such file or directory
May 29 07:48 : player: played "Sailor wave ll/マクロスMACROSS 82-99_2 tres.MP3"
May 29 07:48 : player: played "Awaken the power/Awaken the power.mp3"
May 29 07:48 : exception: Failed to decode /home/yuuta/Música/Awaken the power/Awaken the power.mp3; Failed to open '/home/yuuta/Música/Awaken the power/Awaken the power.mp3': No such file or directory
May 29 07:48 : player: played "Awaken the power/Awaken the power.mp3"
May 29 07:50 : player: played "Sailor wave ll/︎ マクロスMACROSS 82-99_3 siete.MP3"
May 29 07:52 : player: played "Summer Touch/06-At Night .mp3"
May 29 07:55 : exception: Failed to decode /home/yuuta/Música/! でれぱ音頭 ＼ドンドンカッ/AUD-20190421-WA0111.mp3; Failed to open '/home/yuuta/Música/! でれぱ音頭 ＼ドンドンカッ/AUD-20190421-WA0111.mp3': No such file or directory
May 29 07:55 : player: played "Summer Touch/03-For You (feat. Morning) .mp3"
May 29 07:55 : player: played "! でれぱ音頭 ＼ドンドンカッ/AUD-20190421-WA0111.mp3"
May 29 07:55 : exception: Failed to decode /home/yuuta/Música/! でれぱ音頭 ＼ドンドンカッ/AUD-20190421-WA0111.mp3; Failed to open '/home/yuuta/Música/! でれぱ音頭 ＼ドンドンカッ/AUD-20190421-WA0111.mp3': No such file or directory
May 29 07:55 : player: played "! でれぱ音頭 ＼ドンドンカッ/AUD-20190421-WA0111.mp3"
May 29 07:58 : player: played "Sailor wave ll/︎ マクロスMACROSS 82-99_5 nueve.MP3"
May 29 08:01 : player: played "Sailor wave ll/︎ マクロスMACROSS 82-99_4 ocho.MP3"
May 29 08:04 : player: played "Ghibli Jazz/Ghibli Jazz - 07. カントリーロード (Country Road).mp3"
